Using pre-set license
Built from '2020.3/staging' branch; Version is '2020.3.11f1 (99c7afb366b3) revision 10078127'; Using compiler version '192528614'; Build Type 'Release'
OS: 'Windows 10 Home; OS build 19042.1052; Version 2009; 64bit' Language: 'en' Physical Memory: 16328 MB
BatchMode: 1, IsHumanControllingUs: 0, StartBugReporterOnCrash: 0, Is64bit: 1, IsPro: 0

 COMMAND LINE ARGUMENTS:
C:\Program Files\Unity\Hub\Editor\2020.3.11f1\Editor\Unity.exe
-adb2
-batchMode
-noUpm
-name
AssetImportWorker0
-projectPath
E:/TU/MOOC/Project/QuizOrDie/QuizOrDie_UnityProject
-logFile
Logs/AssetImportWorker0.log
-srvPort
57952
Successfully changed project path to: E:/TU/MOOC/Project/QuizOrDie/QuizOrDie_UnityProject
E:/TU/MOOC/Project/QuizOrDie/QuizOrDie_UnityProject
Using Asset Import Pipeline V2.
Refreshing native plugins compatible for Editor in 24.72 ms, found 2 plugins.
Preloading 0 native plugins for Editor in 0.00 ms.
Initialize engine version: 2020.3.11f1 (99c7afb366b3)
[Subsystems] Discovering subsystems at path C:/Program Files/Unity/Hub/Editor/2020.3.11f1/Editor/Data/Resources/UnitySubsystems
[Subsystems] Discovering subsystems at path E:/TU/MOOC/Project/QuizOrDie/QuizOrDie_UnityProject/Assets
GfxDevice: creating device client; threaded=0
Direct3D:
    Version:  Direct3D 11.0 [level 11.1]
    Renderer: NVIDIA GeForce GTX 1070 (ID=0x1b81)
    Vendor:   
    VRAM:     8081 MB
    Driver:   22.21.13.8554
Initialize mono
Mono path[0] = 'C:/Program Files/Unity/Hub/Editor/2020.3.11f1/Editor/Data/Managed'
Mono path[1] = 'C:/Program Files/Unity/Hub/Editor/2020.3.11f1/Editor/Data/MonoBleedingEdge/lib/mono/unityjit'
Mono config path = 'C:/Program Files/Unity/Hub/Editor/2020.3.11f1/Editor/Data/MonoBleedingEdge/etc'
Using monoOptions --debugger-agent=transport=dt_socket,embedding=1,server=y,suspend=n,address=127.0.0.1:56404
Begin MonoManager ReloadAssembly
Registering precompiled unity dll's ...
Register platform support module: C:/Program Files/Unity/Hub/Editor/2020.3.11f1/Editor/Data/PlaybackEngines/WindowsStandaloneSupport/UnityEditor.WindowsStandalone.Extensions.dll
Registered in 0.001873 seconds.
Native extension for WindowsStandalone target not found
Refreshing native plugins compatible for Editor in 25.35 ms, found 2 plugins.
Preloading 0 native plugins for Editor in 0.00 ms.
Mono: successfully reloaded assembly
- Completed reload, in  1.058 seconds
Platform modules already initialized, skipping
Registering precompiled user dll's ...
Registered in 0.002360 seconds.
Begin MonoManager ReloadAssembly
Native extension for WindowsStandalone target not found
Refreshing native plugins compatible for Editor in 0.53 ms, found 2 plugins.
Preloading 0 native plugins for Editor in 0.00 ms.
Mono: successfully reloaded assembly
- Completed reload, in  1.261 seconds
Platform modules already initialized, skipping
========================================================================
Worker process is ready to serve import requests
Launched and connected shader compiler UnityShaderCompiler.exe after 0.07 seconds
Refreshing native plugins compatible for Editor in 0.29 ms, found 2 plugins.
Preloading 0 native plugins for Editor in 0.00 ms.
Unloading 1389 Unused Serialized files (Serialized files now loaded: 0)
System memory in use before: 77.6 MB.
System memory in use after: 77.6 MB.

Unloading 19 unused Assets to reduce memory usage. Loaded Objects now: 1839.
Total: 1.974700 ms (FindLiveObjects: 0.176900 ms CreateObjectMapping: 0.041900 ms MarkObjects: 1.614000 ms  DeleteObjects: 0.140900 ms)

========================================================================
Received Import Request.
  path: Assets/voiceSelection.cs
  artifactKey: Guid(f1a545184d4ec4748a6447833471f742) Importer(815301076,1909f56bfc062723c751e8b465ee728b)
Start importing Assets/voiceSelection.cs using Guid(f1a545184d4ec4748a6447833471f742) Importer(815301076,1909f56bfc062723c751e8b465ee728b)  -> (artifact id: '551e9a405d1d150de04b11ffe9eadcc4') in 0.093194 seconds
  Import took 0.095502 seconds .

========================================================================
Received Import Request.
  Time since last request: 689.203380 seconds.
  path: Assets/voiceSelection.cs
  artifactKey: Guid(f1a545184d4ec4748a6447833471f742) Importer(815301076,1909f56bfc062723c751e8b465ee728b)
Start importing Assets/voiceSelection.cs using Guid(f1a545184d4ec4748a6447833471f742) Importer(815301076,1909f56bfc062723c751e8b465ee728b)  -> (artifact id: '9df47c432ddeab4c3f77aadf59927471') in 0.022768 seconds
  Import took 0.025603 seconds .

========================================================================
Received Import Request.
  Time since last request: 0.011957 seconds.
  path: Assets/voiceSelection.cs
  artifactKey: Guid(f1a545184d4ec4748a6447833471f742) Importer(815301076,1909f56bfc062723c751e8b465ee728b)
Start importing Assets/voiceSelection.cs using Guid(f1a545184d4ec4748a6447833471f742) Importer(815301076,1909f56bfc062723c751e8b465ee728b)  -> (artifact id: '9df47c432ddeab4c3f77aadf59927471') in 0.024035 seconds
  Import took 0.026270 seconds .

========================================================================
Received Import Request.
  Time since last request: 13.873040 seconds.
  path: Assets/voiceSelection.cs
  artifactKey: Guid(f1a545184d4ec4748a6447833471f742) Importer(815301076,1909f56bfc062723c751e8b465ee728b)
Start importing Assets/voiceSelection.cs using Guid(f1a545184d4ec4748a6447833471f742) Importer(815301076,1909f56bfc062723c751e8b465ee728b)  -> (artifact id: '1f1fd5d45a60e1054a45e0d4bbef0f4c') in 0.023573 seconds
  Import took 0.025555 seconds .

========================================================================
Received Import Request.
  Time since last request: 80.836123 seconds.
  path: Assets/voiceSelection.cs
  artifactKey: Guid(f1a545184d4ec4748a6447833471f742) Importer(815301076,1909f56bfc062723c751e8b465ee728b)
Start importing Assets/voiceSelection.cs using Guid(f1a545184d4ec4748a6447833471f742) Importer(815301076,1909f56bfc062723c751e8b465ee728b)  -> (artifact id: 'ce430e7233484284e4a39628b866f8ee') in 0.021913 seconds
  Import took 0.023886 seconds .

========================================================================
Received Import Request.
  Time since last request: 41.170681 seconds.
  path: Assets/voiceSelection.cs
  artifactKey: Guid(f1a545184d4ec4748a6447833471f742) Importer(815301076,1909f56bfc062723c751e8b465ee728b)
Start importing Assets/voiceSelection.cs using Guid(f1a545184d4ec4748a6447833471f742) Importer(815301076,1909f56bfc062723c751e8b465ee728b)  -> (artifact id: 'b0e796e904d0adac40db181a2017008a') in 0.021632 seconds
  Import took 0.023888 seconds .

========================================================================
Received Import Request.
  Time since last request: 22.791212 seconds.
  path: Assets/voiceSelection.cs
  artifactKey: Guid(f1a545184d4ec4748a6447833471f742) Importer(815301076,1909f56bfc062723c751e8b465ee728b)
Start importing Assets/voiceSelection.cs using Guid(f1a545184d4ec4748a6447833471f742) Importer(815301076,1909f56bfc062723c751e8b465ee728b)  -> (artifact id: '14a5ea384a370c112b1b4634b3184ae1') in 0.023638 seconds
  Import took 0.026576 seconds .

========================================================================
Received Import Request.
  Time since last request: 15.012608 seconds.
  path: Assets/voiceSelection.cs
  artifactKey: Guid(f1a545184d4ec4748a6447833471f742) Importer(815301076,1909f56bfc062723c751e8b465ee728b)
Start importing Assets/voiceSelection.cs using Guid(f1a545184d4ec4748a6447833471f742) Importer(815301076,1909f56bfc062723c751e8b465ee728b)  -> (artifact id: 'f67055bbf58bfa85cefab1d925df4d2e') in 0.023203 seconds
  Import took 0.025227 seconds .

========================================================================
Received Prepare
Registering precompiled user dll's ...
Registered in 0.004107 seconds.
Begin MonoManager ReloadAssembly
Native extension for WindowsStandalone target not found
Refreshing native plugins compatible for Editor in 0.30 ms, found 2 plugins.
Preloading 0 native plugins for Editor in 0.00 ms.
Mono: successfully reloaded assembly
- Completed reload, in  0.932 seconds
Platform modules already initialized, skipping
Refreshing native plugins compatible for Editor in 0.27 ms, found 2 plugins.
Preloading 0 native plugins for Editor in 0.00 ms.
Unloading 1384 Unused Serialized files (Serialized files now loaded: 0)
System memory in use before: 77.4 MB.
System memory in use after: 77.5 MB.

Unloading 14 unused Assets to reduce memory usage. Loaded Objects now: 1842.
Total: 1.874200 ms (FindLiveObjects: 0.136900 ms CreateObjectMapping: 0.037100 ms MarkObjects: 1.616000 ms  DeleteObjects: 0.083400 ms)

========================================================================
Received Import Request.
  Time since last request: 13.194937 seconds.
  path: Assets/voiceSelection.cs
  artifactKey: Guid(f1a545184d4ec4748a6447833471f742) Importer(815301076,1909f56bfc062723c751e8b465ee728b)
Start importing Assets/voiceSelection.cs using Guid(f1a545184d4ec4748a6447833471f742) Importer(815301076,1909f56bfc062723c751e8b465ee728b)  -> (artifact id: '00e51fdd806f9050471830564eaf62a3') in 0.023903 seconds
  Import took 0.025908 seconds .

========================================================================
Received Prepare
Registering precompiled user dll's ...
Registered in 0.002680 seconds.
Begin MonoManager ReloadAssembly
Native extension for WindowsStandalone target not found
Refreshing native plugins compatible for Editor in 0.44 ms, found 2 plugins.
Preloading 0 native plugins for Editor in 0.00 ms.
Mono: successfully reloaded assembly
- Completed reload, in  1.062 seconds
Platform modules already initialized, skipping
Refreshing native plugins compatible for Editor in 0.28 ms, found 2 plugins.
Preloading 0 native plugins for Editor in 0.00 ms.
Unloading 1384 Unused Serialized files (Serialized files now loaded: 0)
System memory in use before: 77.4 MB.
System memory in use after: 77.5 MB.

Unloading 14 unused Assets to reduce memory usage. Loaded Objects now: 1845.
Total: 1.702800 ms (FindLiveObjects: 0.114100 ms CreateObjectMapping: 0.032800 ms MarkObjects: 1.488100 ms  DeleteObjects: 0.067000 ms)

========================================================================
Received Prepare
Registering precompiled user dll's ...
Registered in 0.002900 seconds.
Begin MonoManager ReloadAssembly
Native extension for WindowsStandalone target not found
Refreshing native plugins compatible for Editor in 0.29 ms, found 2 plugins.
Preloading 0 native plugins for Editor in 0.00 ms.
Mono: successfully reloaded assembly
- Completed reload, in  0.885 seconds
Platform modules already initialized, skipping
Refreshing native plugins compatible for Editor in 0.28 ms, found 2 plugins.
Preloading 0 native plugins for Editor in 0.00 ms.
Unloading 1384 Unused Serialized files (Serialized files now loaded: 0)
System memory in use before: 77.4 MB.
System memory in use after: 77.5 MB.

Unloading 14 unused Assets to reduce memory usage. Loaded Objects now: 1848.
Total: 1.610100 ms (FindLiveObjects: 0.119200 ms CreateObjectMapping: 0.038500 ms MarkObjects: 1.379900 ms  DeleteObjects: 0.071900 ms)

========================================================================
Received Prepare
Registering precompiled user dll's ...
Registered in 0.003014 seconds.
Begin MonoManager ReloadAssembly
Native extension for WindowsStandalone target not found
Refreshing native plugins compatible for Editor in 0.36 ms, found 2 plugins.
Preloading 0 native plugins for Editor in 0.00 ms.
Mono: successfully reloaded assembly
- Completed reload, in  1.053 seconds
Platform modules already initialized, skipping
Refreshing native plugins compatible for Editor in 0.43 ms, found 2 plugins.
Preloading 0 native plugins for Editor in 0.00 ms.
Unloading 1384 Unused Serialized files (Serialized files now loaded: 0)
System memory in use before: 77.5 MB.
System memory in use after: 77.5 MB.

Unloading 14 unused Assets to reduce memory usage. Loaded Objects now: 1851.
Total: 2.515700 ms (FindLiveObjects: 0.195900 ms CreateObjectMapping: 0.064700 ms MarkObjects: 2.201900 ms  DeleteObjects: 0.051500 ms)

========================================================================
Received Prepare
Registering precompiled user dll's ...
Registered in 0.002856 seconds.
Begin MonoManager ReloadAssembly
Native extension for WindowsStandalone target not found
Refreshing native plugins compatible for Editor in 0.35 ms, found 2 plugins.
Preloading 0 native plugins for Editor in 0.00 ms.
Mono: successfully reloaded assembly
- Completed reload, in  0.830 seconds
Platform modules already initialized, skipping
Refreshing native plugins compatible for Editor in 0.30 ms, found 2 plugins.
Preloading 0 native plugins for Editor in 0.00 ms.
Unloading 1384 Unused Serialized files (Serialized files now loaded: 0)
System memory in use before: 77.5 MB.
System memory in use after: 77.5 MB.

Unloading 14 unused Assets to reduce memory usage. Loaded Objects now: 1854.
Total: 1.804200 ms (FindLiveObjects: 0.128000 ms CreateObjectMapping: 0.038700 ms MarkObjects: 1.584100 ms  DeleteObjects: 0.052500 ms)

========================================================================
Received Prepare
Registering precompiled user dll's ...
Registered in 0.003123 seconds.
Begin MonoManager ReloadAssembly
Native extension for WindowsStandalone target not found
Refreshing native plugins compatible for Editor in 0.27 ms, found 2 plugins.
Preloading 0 native plugins for Editor in 0.00 ms.
Mono: successfully reloaded assembly
- Completed reload, in  0.912 seconds
Platform modules already initialized, skipping
Refreshing native plugins compatible for Editor in 0.29 ms, found 2 plugins.
Preloading 0 native plugins for Editor in 0.00 ms.
Unloading 1384 Unused Serialized files (Serialized files now loaded: 0)
System memory in use before: 77.5 MB.
System memory in use after: 77.5 MB.

Unloading 14 unused Assets to reduce memory usage. Loaded Objects now: 1857.
Total: 1.817200 ms (FindLiveObjects: 0.123600 ms CreateObjectMapping: 0.038800 ms MarkObjects: 1.588100 ms  DeleteObjects: 0.065900 ms)

========================================================================
Received Prepare
Registering precompiled user dll's ...
Registered in 0.002545 seconds.
Begin MonoManager ReloadAssembly
Native extension for WindowsStandalone target not found
Refreshing native plugins compatible for Editor in 0.37 ms, found 2 plugins.
Preloading 0 native plugins for Editor in 0.00 ms.
Mono: successfully reloaded assembly
- Completed reload, in  0.860 seconds
Platform modules already initialized, skipping
Refreshing native plugins compatible for Editor in 0.28 ms, found 2 plugins.
Preloading 0 native plugins for Editor in 0.00 ms.
Unloading 1384 Unused Serialized files (Serialized files now loaded: 0)
System memory in use before: 77.5 MB.
System memory in use after: 77.6 MB.

Unloading 14 unused Assets to reduce memory usage. Loaded Objects now: 1860.
Total: 1.818800 ms (FindLiveObjects: 0.137600 ms CreateObjectMapping: 0.036000 ms MarkObjects: 1.522900 ms  DeleteObjects: 0.121500 ms)

========================================================================
Received Prepare
Registering precompiled user dll's ...
Registered in 0.002945 seconds.
Begin MonoManager ReloadAssembly
Native extension for WindowsStandalone target not found
Refreshing native plugins compatible for Editor in 0.30 ms, found 2 plugins.
Preloading 0 native plugins for Editor in 0.00 ms.
Mono: successfully reloaded assembly
- Completed reload, in  0.866 seconds
Platform modules already initialized, skipping
Refreshing native plugins compatible for Editor in 0.28 ms, found 2 plugins.
Preloading 0 native plugins for Editor in 0.00 ms.
Unloading 1384 Unused Serialized files (Serialized files now loaded: 0)
System memory in use before: 77.5 MB.
System memory in use after: 77.6 MB.

Unloading 14 unused Assets to reduce memory usage. Loaded Objects now: 1863.
Total: 1.909100 ms (FindLiveObjects: 0.190300 ms CreateObjectMapping: 0.042200 ms MarkObjects: 1.592700 ms  DeleteObjects: 0.083000 ms)

========================================================================
Received Prepare
Registering precompiled user dll's ...
Registered in 0.002374 seconds.
Begin MonoManager ReloadAssembly
Native extension for WindowsStandalone target not found
Refreshing native plugins compatible for Editor in 0.28 ms, found 2 plugins.
Preloading 0 native plugins for Editor in 0.00 ms.
Mono: successfully reloaded assembly
- Completed reload, in  0.854 seconds
Platform modules already initialized, skipping
Refreshing native plugins compatible for Editor in 0.27 ms, found 2 plugins.
Preloading 0 native plugins for Editor in 0.00 ms.
Unloading 1384 Unused Serialized files (Serialized files now loaded: 0)
System memory in use before: 77.5 MB.
System memory in use after: 77.6 MB.

Unloading 14 unused Assets to reduce memory usage. Loaded Objects now: 1866.
Total: 1.731300 ms (FindLiveObjects: 0.131100 ms CreateObjectMapping: 0.064200 ms MarkObjects: 1.453200 ms  DeleteObjects: 0.082200 ms)

========================================================================
Received Prepare
Registering precompiled user dll's ...
Registered in 0.003057 seconds.
Begin MonoManager ReloadAssembly
Native extension for WindowsStandalone target not found
Refreshing native plugins compatible for Editor in 0.31 ms, found 2 plugins.
Preloading 0 native plugins for Editor in 0.00 ms.
Mono: successfully reloaded assembly
- Completed reload, in  0.798 seconds
Platform modules already initialized, skipping
Refreshing native plugins compatible for Editor in 0.27 ms, found 2 plugins.
Preloading 0 native plugins for Editor in 0.00 ms.
Unloading 1384 Unused Serialized files (Serialized files now loaded: 0)
System memory in use before: 77.5 MB.
System memory in use after: 77.6 MB.

Unloading 14 unused Assets to reduce memory usage. Loaded Objects now: 1869.
Total: 1.963800 ms (FindLiveObjects: 0.133800 ms CreateObjectMapping: 0.032400 ms MarkObjects: 1.709400 ms  DeleteObjects: 0.087400 ms)

AssetImportWorkerClient::OnTransportError - code=2 error=End of file
